{"D:\\Netology\\JS_Test\\JS-7.3\\jest\\app.js": {"path":"D:\\Netology\\JS_Test\\JS-7.3\\jest\\app.js","statementMap":{"0":{"start":{"line":2,"column":2},"end":{"line":10,"column":5}},"1":{"start":{"line":3,"column":16},"end":{"line":3,"column":31}},"2":{"start":{"line":4,"column":14},"end":{"line":4,"column":29}},"3":{"start":{"line":5,"column":4},"end":{"line":7,"column":16}},"4":{"start":{"line":7,"column":6},"end":{"line":7,"column":16}},"5":{"start":{"line":8,"column":4},"end":{"line":8,"column":32}},"6":{"start":{"line":8,"column":23},"end":{"line":8,"column":32}},"7":{"start":{"line":9,"column":4},"end":{"line":9,"column":13}},"8":{"start":{"line":11,"column":2},"end":{"line":11,"column":20}},"9":{"start":{"line":14,"column":0},"end":{"line":14,"column":32}}},"fnMap":{"0":{"name":"sortByName","decl":{"start":{"line":1,"column":9},"end":{"line":1,"column":19}},"loc":{"start":{"line":1,"column":32},"end":{"line":12,"column":1}},"line":1},"1":{"name":"(anonymous_1)","decl":{"start":{"line":2,"column":18},"end":{"line":2,"column":19}},"loc":{"start":{"line":2,"column":34},"end":{"line":10,"column":3}},"line":2}},"branchMap":{"0":{"loc":{"start":{"line":5,"column":4},"end":{"line":7,"column":16}},"type":"if","locations":[{"start":{"line":5,"column":4},"end":{"line":7,"column":16}},{"start":{},"end":{}}],"line":5},"1":{"loc":{"start":{"line":8,"column":4},"end":{"line":8,"column":32}},"type":"if","locations":[{"start":{"line":8,"column":4},"end":{"line":8,"column":32}},{"start":{},"end":{}}],"line":8}},"s":{"0":2,"1":7,"2":7,"3":7,"4":3,"5":4,"6":3,"7":1,"8":2,"9":1},"f":{"0":2,"1":7},"b":{"0":[3,4],"1":[3,1]},"_coverageSchema":"1a1c01bbd47fc00a2c39e90264f33305004495a9","hash":"9093809aa42885a452ba8e100efa569bb55136c7"}
,"D:\\Netology\\JS_Test\\JS-7.3\\playwright\\NetologyTest.js": {"path":"D:\\Netology\\JS_Test\\JS-7.3\\playwright\\NetologyTest.js","statementMap":{"0":{"start":{"line":1,"column":21},"end":{"line":1,"column":42}},"1":{"start":{"line":3,"column":0},"end":{"line":16,"column":5}},"2":{"start":{"line":4,"column":18},"end":{"line":8,"column":4}},"3":{"start":{"line":9,"column":15},"end":{"line":9,"column":38}},"4":{"start":{"line":10,"column":2},"end":{"line":10,"column":41}},"5":{"start":{"line":11,"column":2},"end":{"line":11,"column":42}},"6":{"start":{"line":12,"column":2},"end":{"line":12,"column":21}},"7":{"start":{"line":15,"column":2},"end":{"line":15,"column":24}}},"fnMap":{"0":{"name":"(anonymous_0)","decl":{"start":{"line":3,"column":1},"end":{"line":3,"column":2}},"loc":{"start":{"line":3,"column":13},"end":{"line":16,"column":1}},"line":3}},"branchMap":{},"s":{"0":0,"1":0,"2":0,"3":0,"4":0,"5":0,"6":0,"7":0},"f":{"0":0},"b":{}}
}
